Added Component: Designator=Power_Ch1(HDR1X2)
Add component. Clean all parameters for all variants
Add component (AddParameter): Name = "LatestRevisionDate"; Value = "17-Jul-2002"; VariantName = "[No Variations]"
Add component (AddParameter): Name = "LatestRevisionNote"; Value = "Re-released for DXP Platform."; VariantName = "[No Variations]"
Add component (AddParameter): Name = "Publisher"; Value = "Altium Limited"; VariantName = "[No Variations]"
Added Component: Designator=Power_Ch2(HDR1X2)
Add component. Clean all parameters for all variants
Add component (AddParameter): Name = "LatestRevisionDate"; Value = "17-Jul-2002"; VariantName = "[No Variations]"
Add component (AddParameter): Name = "LatestRevisionNote"; Value = "Re-released for DXP Platform."; VariantName = "[No Variations]"
Add component (AddParameter): Name = "Publisher"; Value = "Altium Limited"; VariantName = "[No Variations]"
Added Component: Designator=Power_Ch3(HDR1X2)
Add component. Clean all parameters for all variants
Add component (AddParameter): Name = "LatestRevisionDate"; Value = "17-Jul-2002"; VariantName = "[No Variations]"
Add component (AddParameter): Name = "LatestRevisionNote"; Value = "Re-released for DXP Platform."; VariantName = "[No Variations]"
Add component (AddParameter): Name = "Publisher"; Value = "Altium Limited"; VariantName = "[No Variations]"
Added Component: Designator=Power_Ch4(HDR1X2)
Add component. Clean all parameters for all variants
Add component (AddParameter): Name = "LatestRevisionDate"; Value = "17-Jul-2002"; VariantName = "[No Variations]"
Add component (AddParameter): Name = "LatestRevisionNote"; Value = "Re-released for DXP Platform."; VariantName = "[No Variations]"
Add component (AddParameter): Name = "Publisher"; Value = "Altium Limited"; VariantName = "[No Variations]"
Added Pin To Net: NetName=V+ Pin=Power_Ch1-1
Added Pin To Net: NetName=GND Pin=Power_Ch1-2
Added Pin To Net: NetName=V+ Pin=Power_Ch2-1
Added Pin To Net: NetName=GND Pin=Power_Ch2-2
Added Pin To Net: NetName=V+ Pin=Power_Ch3-1
Added Pin To Net: NetName=GND Pin=Power_Ch3-2
Added Pin To Net: NetName=V+ Pin=Power_Ch4-1
Added Pin To Net: NetName=GND Pin=Power_Ch4-2
Added Member To Class: ClassName=Ch1 Member=Component Power_Ch1 (Power) Header 2
Added Member To Class: ClassName=Ch2 Member=Component Power_Ch2 (Power) Header 2
Added Member To Class: ClassName=Ch3 Member=Component Power_Ch3 (Power) Header 2
Added Member To Class: ClassName=Ch4 Member=Component Power_Ch4 (Power) Header 2
