Removed Pin From Net: NetName=V+ Pin=C1_Ch1-1
Removed Pin From Net: NetName=GND Pin=C1_Ch1-2
Removed Pin From Net: NetName=V+ Pin=C1_Ch2-1
Removed Pin From Net: NetName=GND Pin=C1_Ch2-2
Removed Pin From Net: NetName=V+ Pin=C1_Ch3-1
Removed Pin From Net: NetName=GND Pin=C1_Ch3-2
Removed Pin From Net: NetName=V+ Pin=C1_Ch4-1
Removed Pin From Net: NetName=GND Pin=C1_Ch4-2
Removed Pin From Net: NetName=V+ Pin=C2_Ch1-2
Removed Pin From Net: NetName=V+ Pin=C2_Ch2-2
Removed Pin From Net: NetName=V+ Pin=C2_Ch3-2
Removed Pin From Net: NetName=V+ Pin=C2_Ch4-2
Removed Pin From Net: NetName=AGND_Ch1 Pin=IC1_Ch1-1
Removed Pin From Net: NetName=GND Pin=IC1_Ch1-2
Removed Pin From Net: NetName=V+ Pin=IC1_Ch1-3
Removed Pin From Net: NetName=GND Pin=IC1_Ch2-2
Removed Pin From Net: NetName=V+ Pin=IC1_Ch2-3
Removed Pin From Net: NetName=GND Pin=IC1_Ch3-2
Removed Pin From Net: NetName=V+ Pin=IC1_Ch3-3
Removed Pin From Net: NetName=GND Pin=IC1_Ch4-2
Removed Pin From Net: NetName=V+ Pin=IC1_Ch4-3
Removed Member From Class: ClassName=Ch1 Member=C1_Ch1
Removed Member From Class: ClassName=Ch2 Member=C1_Ch2
Removed Member From Class: ClassName=Ch3 Member=C1_Ch3
Removed Member From Class: ClassName=Ch4 Member=C1_Ch4
Removed Member From Class: ClassName=Ch1 Member=C2_Ch1
Removed Member From Class: ClassName=Ch2 Member=C2_Ch2
Removed Member From Class: ClassName=Ch3 Member=C2_Ch3
Removed Member From Class: ClassName=Ch4 Member=C2_Ch4
Removed Member From Class: ClassName=Ch1 Member=IC1_Ch1
Removed Member From Class: ClassName=Ch2 Member=IC1_Ch2
Removed Member From Class: ClassName=Ch3 Member=IC1_Ch3
Removed Member From Class: ClassName=Ch4 Member=IC1_Ch4
Added Component: Designator=C1(C0805)
Add component. Clean all parameters for all variants
Add component (AddParameter): Name = "Value"; Value = "220uF"; VariantName = "[No Variations]"
Added Component: Designator=C2(C0805)
Add component. Clean all parameters for all variants
Add component (AddParameter): Name = "Value"; Value = "1uF"; VariantName = "[No Variations]"
Added Component: Designator=IC1(SO8_M)
Add component. Clean all parameters for all variants
Add component (AddParameter): Name = "Availability"; Value = "Unavailable"; VariantName = "[No Variations]"
Add component (AddParameter): Name = "MF"; Value = "Texas Instruments"; VariantName = "[No Variations]"
Add component (AddParameter): Name = "MP"; Value = "TLE2426"; VariantName = "[No Variations]"
Add component (AddParameter): Name = "Package"; Value = "SOIC-8 Texas Instruments"; VariantName = "[No Variations]"
Add component (AddParameter): Name = "Price"; Value = "None"; VariantName = "[No Variations]"
Add component (AddParameter): Name = "SnapEDA_Link"; Value = "https://www.snapeda.com/parts/TLE2426/Texas%20Instruments/view-part/?ref=snap"; VariantName = "[No Variations]"
Add component (AddParameter): Name = "Value"; Value = ""; VariantName = "[No Variations]"
Added Pin To Net: NetName=V+ Pin=C1-1
Added Pin To Net: NetName=GND Pin=C1-2
Added Pin To Net: NetName=AGND_Ch1 Pin=C1_LPF2-2
Added Pin To Net: NetName=AGND_Ch1 Pin=C1_LPF3-2
Added Pin To Net: NetName=AGND_Ch1 Pin=C1_LPF4-2
Added Pin To Net: NetName=V+ Pin=C2-1
Added Pin To Net: NetName=AGND_Ch1 Pin=IC1-1
Added Pin To Net: NetName=GND Pin=IC1-2
Added Pin To Net: NetName=V+ Pin=IC1-3
Added Pin To Net: NetName=AGND_Ch1 Pin=R2_Ch2-1
Added Pin To Net: NetName=AGND_Ch1 Pin=R2_Ch3-1
Added Pin To Net: NetName=AGND_Ch1 Pin=R2_Ch4-1
Added Pin To Net: NetName=AGND_Ch1 Pin=U1_LPF2-15
Added Pin To Net: NetName=AGND_Ch1 Pin=U1_LPF3-15
Added Pin To Net: NetName=AGND_Ch1 Pin=U1_LPF4-15
Added Pin To Net: NetName=AGND_Ch1 Pin=U2_LPF2-2
Added Pin To Net: NetName=AGND_Ch1 Pin=U2_LPF3-2
Added Pin To Net: NetName=AGND_Ch1 Pin=U2_LPF4-2
Added Pin To Net: NetName=NetC2_2 Pin=C2-2
Added Pin To Net: NetName=NetC2_2 Pin=IC1-8
Added Net: Name=NetC2_2
Added Member To Class: ClassName=Acoustics Board Member=Component C1 CapPol
Added Member To Class: ClassName=Acoustics Board Member=Component C2 Cap
Added Member To Class: ClassName=Acoustics Board Member=Component IC1 TLE2426
