Change Component Designator: OldDesignator=HPF_C1A_HPF4_HPF1 NewDesignator=C1A_HPF1
Change Component Designator: OldDesignator=HPF_C1A_HPF4_HPF2 NewDesignator=C1A_HPF2
Change Component Designator: OldDesignator=HPF_C1A_HPF4_HPF3 NewDesignator=C1A_HPF3
Change Component Designator: OldDesignator=HPF_C1A_HPF4_HPF4 NewDesignator=C1A_HPF4
Change Component Designator: OldDesignator=HPF_C1B_HPF4_HPF1 NewDesignator=C1B_HPF1
Change Component Designator: OldDesignator=HPF_C1B_HPF4_HPF2 NewDesignator=C1B_HPF2
Change Component Designator: OldDesignator=HPF_C1B_HPF4_HPF3 NewDesignator=C1B_HPF3
Change Component Designator: OldDesignator=HPF_C1B_HPF4_HPF4 NewDesignator=C1B_HPF4
Change Component Designator: OldDesignator=HPF_C2A_HPF4_HPF1 NewDesignator=C2A_HPF1
Change Component Designator: OldDesignator=HPF_C2A_HPF4_HPF2 NewDesignator=C2A_HPF2
Change Component Designator: OldDesignator=HPF_C2A_HPF4_HPF3 NewDesignator=C2A_HPF3
Change Component Designator: OldDesignator=HPF_C2A_HPF4_HPF4 NewDesignator=C2A_HPF4
Change Component Designator: OldDesignator=HPF_C2B_HPF4_HPF1 NewDesignator=C2B_HPF1
Change Component Designator: OldDesignator=HPF_C2B_HPF4_HPF2 NewDesignator=C2B_HPF2
Change Component Designator: OldDesignator=HPF_C2B_HPF4_HPF3 NewDesignator=C2B_HPF3
Change Component Designator: OldDesignator=HPF_C2B_HPF4_HPF4 NewDesignator=C2B_HPF4
Change Component Designator: OldDesignator=HPF_C3A_HPF4_HPF1 NewDesignator=C3A_HPF1
Change Component Designator: OldDesignator=HPF_C3A_HPF4_HPF2 NewDesignator=C3A_HPF2
Change Component Designator: OldDesignator=HPF_C3A_HPF4_HPF3 NewDesignator=C3A_HPF3
Change Component Designator: OldDesignator=HPF_C3A_HPF4_HPF4 NewDesignator=C3A_HPF4
Change Component Designator: OldDesignator=HPF_R1A_HPF4_HPF1 NewDesignator=R1A_HPF1
Change Component Designator: OldDesignator=HPF_R1A_HPF4_HPF2 NewDesignator=R1A_HPF2
Change Component Designator: OldDesignator=HPF_R1A_HPF4_HPF3 NewDesignator=R1A_HPF3
Change Component Designator: OldDesignator=HPF_R1A_HPF4_HPF4 NewDesignator=R1A_HPF4
Change Component Designator: OldDesignator=HPF_R1B_HPF4_HPF1 NewDesignator=R1B_HPF1
Change Component Designator: OldDesignator=HPF_R1B_HPF4_HPF2 NewDesignator=R1B_HPF2
Change Component Designator: OldDesignator=HPF_R1B_HPF4_HPF3 NewDesignator=R1B_HPF3
Change Component Designator: OldDesignator=HPF_R1B_HPF4_HPF4 NewDesignator=R1B_HPF4
Change Component Designator: OldDesignator=HPF_R2B_HPF4_HPF1 NewDesignator=R2B_HPF1
Change Component Designator: OldDesignator=HPF_R2B_HPF4_HPF2 NewDesignator=R2B_HPF2
Change Component Designator: OldDesignator=HPF_R2B_HPF4_HPF3 NewDesignator=R2B_HPF3
Change Component Designator: OldDesignator=HPF_R2B_HPF4_HPF4 NewDesignator=R2B_HPF4
Change Component Designator: OldDesignator=LPF_C1_LPF4_LPF1 NewDesignator=C1_LPF1
Change Component Designator: OldDesignator=LPF_C1_LPF4_LPF2 NewDesignator=C1_LPF2
Change Component Designator: OldDesignator=LPF_C1_LPF4_LPF3 NewDesignator=C1_LPF3
Change Component Designator: OldDesignator=LPF_C1_LPF4_LPF4 NewDesignator=C1_LPF4
Change Component Designator: OldDesignator=LPF_C2_LPF4_LPF1 NewDesignator=C2_LPF1
Change Component Designator: OldDesignator=LPF_C2_LPF4_LPF2 NewDesignator=C2_LPF2
Change Component Designator: OldDesignator=LPF_C2_LPF4_LPF3 NewDesignator=C2_LPF3
Change Component Designator: OldDesignator=LPF_C2_LPF4_LPF4 NewDesignator=C2_LPF4
